<?xml version="1.0" encoding="UTF-8"?>
<!-- Generated by org.testng.reporters.JUnitReportReporter -->
<testsuite skipped="0" hostname="DESKTOP-2BPG5AJ" name="ups.pack.testRunner.UpsLoginTest" tests="1" failures="0" timestamp="08 Dec 2019 16:17:20 GMT" time="2.858" errors="0">
  <testcase name="loginTest" time="2.858" classname="ups.pack.testRunner.UpsLoginTest"/>
</testsuite> <!-- ups.pack.testRunner.UpsLoginTest -->
